<?xml version="1.0" encoding="UTF-8"?>
<!-- Generated by org.testng.reporters.JUnitReportReporter -->
<testsuite hostname="Sakee" failures="0" tests="1" name="com.sample.Sample2" time="3.506" errors="0" timestamp="2024-12-13T23:26:04 IST" skipped="0">
  <testcase classname="com.sample.Sample2" name="testCase" time="3.506"/>
</testsuite> <!-- com.sample.Sample2 -->
