<?xml version="1.0" encoding="UTF-8"?>
<!-- Generated by org.testng.reporters.JUnitReportReporter -->
<testsuite hostname="Sakee" failures="0" tests="5" name="com.sample.DataProv1" time="15.601" errors="0" timestamp="2024-10-26T09:17:54 IST" skipped="0">
  <testcase classname="com.sample.DataProv1" name="tc1" time="4.004"/>
  <testcase classname="com.sample.DataProv1" name="tc1" time="2.199"/>
  <testcase classname="com.sample.DataProv1" name="tc1" time="3.125"/>
  <testcase classname="com.sample.DataProv1" name="tc1" time="3.434"/>
  <testcase classname="com.sample.DataProv1" name="tc1" time="2.839"/>
</testsuite> <!-- com.sample.DataProv1 -->
