<?xml version="1.0" encoding="UTF-8"?>
<!-- Generated by org.testng.reporters.JUnitReportReporter -->
<testsuite hostname="Sakee" failures="0" tests="1" name="com.sample.SoftAssrt" time="4.273" errors="0" timestamp="2024-11-08T17:11:02 IST" skipped="0">
  <testcase classname="com.sample.SoftAssrt" name="testCase" time="4.273"/>
</testsuite> <!-- com.sample.SoftAssrt -->
