<?xml version="1.0" encoding="UTF-8"?>
<!-- Generated by org.testng.reporters.JUnitReportReporter -->
<testsuite hostname="Sakee" failures="0" tests="2" name="com.sample.TwoDarray" time="5.688" errors="0" timestamp="2024-10-26T09:25:21 IST" skipped="0">
  <testcase classname="com.sample.TwoDarray" name="tc1" time="3.373"/>
  <testcase classname="com.sample.TwoDarray" name="tc1" time="2.315"/>
</testsuite> <!-- com.sample.TwoDarray -->
