<?xml version="1.0" encoding="UTF-8"?>
<!-- Generated by org.testng.reporters.JUnitReportReporter -->
<testsuite hostname="Sakee" failures="0" tests="2" name="com.sample.Sample1" time="0.011" errors="0" timestamp="2024-11-05T16:14:46 IST" skipped="0">
  <testcase classname="com.sample.Sample1" name="tc1" time="0.009"/>
  <testcase classname="com.sample.Sample1" name="tc2" time="0.002"/>
</testsuite> <!-- com.sample.Sample1 -->
